{"C:\\Users\\DANI\\Desktop\\React Native\\unit-testing-rakamin\\App.js": {"path":"C:\\Users\\DANI\\Desktop\\React Native\\unit-testing-rakamin\\App.js","statementMap":{"0":{"start":{"line":5,"column":2},"end":{"line":10,"column":4}},"1":{"start":{"line":13,"column":15},"end":{"line":20,"column":2}}},"fnMap":{"0":{"name":"App","decl":{"start":{"line":4,"column":24},"end":{"line":4,"column":27}},"loc":{"start":{"line":4,"column":30},"end":{"line":11,"column":1}},"line":4}},"branchMap":{},"s":{"0":1,"1":1},"f":{"0":1},"b":{},"_coverageSchema":"1a1c01bbd47fc00a2c39e90264f33305004495a9","hash":"311f173c2d4fe50f135a4bbcd5acc0d07d2c702c"}
,"C:\\Users\\DANI\\Desktop\\React Native\\unit-testing-rakamin\\sumNumber.js": {"path":"C:\\Users\\DANI\\Desktop\\React Native\\unit-testing-rakamin\\sumNumber.js","statementMap":{"0":{"start":{"line":1,"column":19},"end":{"line":3,"column":2}},"1":{"start":{"line":2,"column":5},"end":{"line":2,"column":23}}},"fnMap":{"0":{"name":"(anonymous_0)","decl":{"start":{"line":1,"column":19},"end":{"line":1,"column":20}},"loc":{"start":{"line":1,"column":35},"end":{"line":3,"column":2}},"line":1}},"branchMap":{},"s":{"0":1,"1":0},"f":{"0":0},"b":{},"_coverageSchema":"1a1c01bbd47fc00a2c39e90264f33305004495a9","hash":"7d17765a474b903bd559685bea194c95940bdd3c"}
,"C:\\Users\\DANI\\Desktop\\React Native\\unit-testing-rakamin\\.expo\\metro\\polyfill.js": {"path":"C:\\Users\\DANI\\Desktop\\React Native\\unit-testing-rakamin\\.expo\\metro\\polyfill.js","statementMap":{"0":{"start":{"line":1,"column":0},"end":{"line":1,"column":81}},"1":{"start":{"line":1,"column":76},"end":{"line":1,"column":80}}},"fnMap":{"0":{"name":"(anonymous_0)","decl":{"start":{"line":1,"column":70},"end":{"line":1,"column":71}},"loc":{"start":{"line":1,"column":76},"end":{"line":1,"column":80}},"line":1}},"branchMap":{"0":{"loc":{"start":{"line":1,"column":28},"end":{"line":1,"column":80}},"type":"cond-expr","locations":[{"start":{"line":1,"column":60},"end":{"line":1,"column":67}},{"start":{"line":1,"column":70},"end":{"line":1,"column":80}}],"line":1}},"s":{"0":0,"1":0},"f":{"0":0},"b":{"0":[0,0]}}
,"C:\\Users\\DANI\\Desktop\\React Native\\unit-testing-rakamin\\.expo\\metro\\polyfill.native.js": {"path":"C:\\Users\\DANI\\Desktop\\React Native\\unit-testing-rakamin\\.expo\\metro\\polyfill.native.js","statementMap":{"0":{"start":{"line":1,"column":0},"end":{"line":1,"column":155}},"1":{"start":{"line":1,"column":43},"end":{"line":1,"column":154}}},"fnMap":{"0":{"name":"(anonymous_0)","decl":{"start":{"line":1,"column":28},"end":{"line":1,"column":29}},"loc":{"start":{"line":1,"column":42},"end":{"line":1,"column":155}},"line":1}},"branchMap":{},"s":{"0":0,"1":0},"f":{"0":0},"b":{}}
,"C:\\Users\\DANI\\Desktop\\React Native\\unit-testing-rakamin\\.expo\\metro\\externals\\assert\\index.js": {"path":"C:\\Users\\DANI\\Desktop\\React Native\\unit-testing-rakamin\\.expo\\metro\\externals\\assert\\index.js","statementMap":{"0":{"start":{"line":1,"column":0},"end":{"line":1,"column":51}}},"fnMap":{},"branchMap":{},"s":{"0":0},"f":{},"b":{}}
,"C:\\Users\\DANI\\Desktop\\React Native\\unit-testing-rakamin\\.expo\\metro\\externals\\async_hooks\\index.js": {"path":"C:\\Users\\DANI\\Desktop\\React Native\\unit-testing-rakamin\\.expo\\metro\\externals\\async_hooks\\index.js","statementMap":{"0":{"start":{"line":1,"column":0},"end":{"line":1,"column":56}}},"fnMap":{},"branchMap":{},"s":{"0":0},"f":{},"b":{}}
,"C:\\Users\\DANI\\Desktop\\React Native\\unit-testing-rakamin\\.expo\\metro\\externals\\buffer\\index.js": {"path":"C:\\Users\\DANI\\Desktop\\React Native\\unit-testing-rakamin\\.expo\\metro\\externals\\buffer\\index.js","statementMap":{"0":{"start":{"line":1,"column":0},"end":{"line":1,"column":51}}},"fnMap":{},"branchMap":{},"s":{"0":0},"f":{},"b":{}}
,"C:\\Users\\DANI\\Desktop\\React Native\\unit-testing-rakamin\\.expo\\metro\\externals\\child_process\\index.js": {"path":"C:\\Users\\DANI\\Desktop\\React Native\\unit-testing-rakamin\\.expo\\metro\\externals\\child_process\\index.js","statementMap":{"0":{"start":{"line":1,"column":0},"end":{"line":1,"column":58}}},"fnMap":{},"branchMap":{},"s":{"0":0},"f":{},"b":{}}
,"C:\\Users\\DANI\\Desktop\\React Native\\unit-testing-rakamin\\.expo\\metro\\externals\\cluster\\index.js": {"path":"C:\\Users\\DANI\\Desktop\\React Native\\unit-testing-rakamin\\.expo\\metro\\externals\\cluster\\index.js","statementMap":{"0":{"start":{"line":1,"column":0},"end":{"line":1,"column":52}}},"fnMap":{},"branchMap":{},"s":{"0":0},"f":{},"b":{}}
,"C:\\Users\\DANI\\Desktop\\React Native\\unit-testing-rakamin\\.expo\\metro\\externals\\console\\index.js": {"path":"C:\\Users\\DANI\\Desktop\\React Native\\unit-testing-rakamin\\.expo\\metro\\externals\\console\\index.js","statementMap":{"0":{"start":{"line":1,"column":0},"end":{"line":1,"column":52}}},"fnMap":{},"branchMap":{},"s":{"0":0},"f":{},"b":{}}
,"C:\\Users\\DANI\\Desktop\\React Native\\unit-testing-rakamin\\.expo\\metro\\externals\\constants\\index.js": {"path":"C:\\Users\\DANI\\Desktop\\React Native\\unit-testing-rakamin\\.expo\\metro\\externals\\constants\\index.js","statementMap":{"0":{"start":{"line":1,"column":0},"end":{"line":1,"column":54}}},"fnMap":{},"branchMap":{},"s":{"0":0},"f":{},"b":{}}
,"C:\\Users\\DANI\\Desktop\\React Native\\unit-testing-rakamin\\.expo\\metro\\externals\\crypto\\index.js": {"path":"C:\\Users\\DANI\\Desktop\\React Native\\unit-testing-rakamin\\.expo\\metro\\externals\\crypto\\index.js","statementMap":{"0":{"start":{"line":1,"column":0},"end":{"line":1,"column":51}}},"fnMap":{},"branchMap":{},"s":{"0":0},"f":{},"b":{}}
,"C:\\Users\\DANI\\Desktop\\React Native\\unit-testing-rakamin\\.expo\\metro\\externals\\dgram\\index.js": {"path":"C:\\Users\\DANI\\Desktop\\React Native\\unit-testing-rakamin\\.expo\\metro\\externals\\dgram\\index.js","statementMap":{"0":{"start":{"line":1,"column":0},"end":{"line":1,"column":50}}},"fnMap":{},"branchMap":{},"s":{"0":0},"f":{},"b":{}}
,"C:\\Users\\DANI\\Desktop\\React Native\\unit-testing-rakamin\\.expo\\metro\\externals\\diagnostics_channel\\index.js": {"path":"C:\\Users\\DANI\\Desktop\\React Native\\unit-testing-rakamin\\.expo\\metro\\externals\\diagnostics_channel\\index.js","statementMap":{"0":{"start":{"line":1,"column":0},"end":{"line":1,"column":64}}},"fnMap":{},"branchMap":{},"s":{"0":0},"f":{},"b":{}}
,"C:\\Users\\DANI\\Desktop\\React Native\\unit-testing-rakamin\\.expo\\metro\\externals\\dns\\index.js": {"path":"C:\\Users\\DANI\\Desktop\\React Native\\unit-testing-rakamin\\.expo\\metro\\externals\\dns\\index.js","statementMap":{"0":{"start":{"line":1,"column":0},"end":{"line":1,"column":48}}},"fnMap":{},"branchMap":{},"s":{"0":0},"f":{},"b":{}}
,"C:\\Users\\DANI\\Desktop\\React Native\\unit-testing-rakamin\\.expo\\metro\\externals\\domain\\index.js": {"path":"C:\\Users\\DANI\\Desktop\\React Native\\unit-testing-rakamin\\.expo\\metro\\externals\\domain\\index.js","statementMap":{"0":{"start":{"line":1,"column":0},"end":{"line":1,"column":51}}},"fnMap":{},"branchMap":{},"s":{"0":0},"f":{},"b":{}}
,"C:\\Users\\DANI\\Desktop\\React Native\\unit-testing-rakamin\\.expo\\metro\\externals\\events\\index.js": {"path":"C:\\Users\\DANI\\Desktop\\React Native\\unit-testing-rakamin\\.expo\\metro\\externals\\events\\index.js","statementMap":{"0":{"start":{"line":1,"column":0},"end":{"line":1,"column":51}}},"fnMap":{},"branchMap":{},"s":{"0":0},"f":{},"b":{}}
,"C:\\Users\\DANI\\Desktop\\React Native\\unit-testing-rakamin\\.expo\\metro\\externals\\fs\\index.js": {"path":"C:\\Users\\DANI\\Desktop\\React Native\\unit-testing-rakamin\\.expo\\metro\\externals\\fs\\index.js","statementMap":{"0":{"start":{"line":1,"column":0},"end":{"line":1,"column":47}}},"fnMap":{},"branchMap":{},"s":{"0":0},"f":{},"b":{}}
,"C:\\Users\\DANI\\Desktop\\React Native\\unit-testing-rakamin\\.expo\\metro\\externals\\fs\\promises\\index.js": {"path":"C:\\Users\\DANI\\Desktop\\React Native\\unit-testing-rakamin\\.expo\\metro\\externals\\fs\\promises\\index.js","statementMap":{"0":{"start":{"line":1,"column":0},"end":{"line":1,"column":56}}},"fnMap":{},"branchMap":{},"s":{"0":0},"f":{},"b":{}}
,"C:\\Users\\DANI\\Desktop\\React Native\\unit-testing-rakamin\\.expo\\metro\\externals\\http\\index.js": {"path":"C:\\Users\\DANI\\Desktop\\React Native\\unit-testing-rakamin\\.expo\\metro\\externals\\http\\index.js","statementMap":{"0":{"start":{"line":1,"column":0},"end":{"line":1,"column":49}}},"fnMap":{},"branchMap":{},"s":{"0":0},"f":{},"b":{}}
,"C:\\Users\\DANI\\Desktop\\React Native\\unit-testing-rakamin\\.expo\\metro\\externals\\http2\\index.js": {"path":"C:\\Users\\DANI\\Desktop\\React Native\\unit-testing-rakamin\\.expo\\metro\\externals\\http2\\index.js","statementMap":{"0":{"start":{"line":1,"column":0},"end":{"line":1,"column":50}}},"fnMap":{},"branchMap":{},"s":{"0":0},"f":{},"b":{}}
,"C:\\Users\\DANI\\Desktop\\React Native\\unit-testing-rakamin\\.expo\\metro\\externals\\https\\index.js": {"path":"C:\\Users\\DANI\\Desktop\\React Native\\unit-testing-rakamin\\.expo\\metro\\externals\\https\\index.js","statementMap":{"0":{"start":{"line":1,"column":0},"end":{"line":1,"column":50}}},"fnMap":{},"branchMap":{},"s":{"0":0},"f":{},"b":{}}
,"C:\\Users\\DANI\\Desktop\\React Native\\unit-testing-rakamin\\.expo\\metro\\externals\\inspector\\index.js": {"path":"C:\\Users\\DANI\\Desktop\\React Native\\unit-testing-rakamin\\.expo\\metro\\externals\\inspector\\index.js","statementMap":{"0":{"start":{"line":1,"column":0},"end":{"line":1,"column":54}}},"fnMap":{},"branchMap":{},"s":{"0":0},"f":{},"b":{}}
,"C:\\Users\\DANI\\Desktop\\React Native\\unit-testing-rakamin\\.expo\\metro\\externals\\module\\index.js": {"path":"C:\\Users\\DANI\\Desktop\\React Native\\unit-testing-rakamin\\.expo\\metro\\externals\\module\\index.js","statementMap":{"0":{"start":{"line":1,"column":0},"end":{"line":1,"column":51}}},"fnMap":{},"branchMap":{},"s":{"0":0},"f":{},"b":{}}
,"C:\\Users\\DANI\\Desktop\\React Native\\unit-testing-rakamin\\.expo\\metro\\externals\\net\\index.js": {"path":"C:\\Users\\DANI\\Desktop\\React Native\\unit-testing-rakamin\\.expo\\metro\\externals\\net\\index.js","statementMap":{"0":{"start":{"line":1,"column":0},"end":{"line":1,"column":48}}},"fnMap":{},"branchMap":{},"s":{"0":0},"f":{},"b":{}}
,"C:\\Users\\DANI\\Desktop\\React Native\\unit-testing-rakamin\\.expo\\metro\\externals\\os\\index.js": {"path":"C:\\Users\\DANI\\Desktop\\React Native\\unit-testing-rakamin\\.expo\\metro\\externals\\os\\index.js","statementMap":{"0":{"start":{"line":1,"column":0},"end":{"line":1,"column":47}}},"fnMap":{},"branchMap":{},"s":{"0":0},"f":{},"b":{}}
,"C:\\Users\\DANI\\Desktop\\React Native\\unit-testing-rakamin\\.expo\\metro\\externals\\path\\index.js": {"path":"C:\\Users\\DANI\\Desktop\\React Native\\unit-testing-rakamin\\.expo\\metro\\externals\\path\\index.js","statementMap":{"0":{"start":{"line":1,"column":0},"end":{"line":1,"column":49}}},"fnMap":{},"branchMap":{},"s":{"0":0},"f":{},"b":{}}
,"C:\\Users\\DANI\\Desktop\\React Native\\unit-testing-rakamin\\.expo\\metro\\externals\\perf_hooks\\index.js": {"path":"C:\\Users\\DANI\\Desktop\\React Native\\unit-testing-rakamin\\.expo\\metro\\externals\\perf_hooks\\index.js","statementMap":{"0":{"start":{"line":1,"column":0},"end":{"line":1,"column":55}}},"fnMap":{},"branchMap":{},"s":{"0":0},"f":{},"b":{}}
,"C:\\Users\\DANI\\Desktop\\React Native\\unit-testing-rakamin\\.expo\\metro\\externals\\process\\index.js": {"path":"C:\\Users\\DANI\\Desktop\\React Native\\unit-testing-rakamin\\.expo\\metro\\externals\\process\\index.js","statementMap":{"0":{"start":{"line":1,"column":0},"end":{"line":1,"column":52}}},"fnMap":{},"branchMap":{},"s":{"0":0},"f":{},"b":{}}
,"C:\\Users\\DANI\\Desktop\\React Native\\unit-testing-rakamin\\.expo\\metro\\externals\\punycode\\index.js": {"path":"C:\\Users\\DANI\\Desktop\\React Native\\unit-testing-rakamin\\.expo\\metro\\externals\\punycode\\index.js","statementMap":{"0":{"start":{"line":1,"column":0},"end":{"line":1,"column":53}}},"fnMap":{},"branchMap":{},"s":{"0":0},"f":{},"b":{}}
,"C:\\Users\\DANI\\Desktop\\React Native\\unit-testing-rakamin\\.expo\\metro\\externals\\querystring\\index.js": {"path":"C:\\Users\\DANI\\Desktop\\React Native\\unit-testing-rakamin\\.expo\\metro\\externals\\querystring\\index.js","statementMap":{"0":{"start":{"line":1,"column":0},"end":{"line":1,"column":56}}},"fnMap":{},"branchMap":{},"s":{"0":0},"f":{},"b":{}}
,"C:\\Users\\DANI\\Desktop\\React Native\\unit-testing-rakamin\\.expo\\metro\\externals\\readline\\index.js": {"path":"C:\\Users\\DANI\\Desktop\\React Native\\unit-testing-rakamin\\.expo\\metro\\externals\\readline\\index.js","statementMap":{"0":{"start":{"line":1,"column":0},"end":{"line":1,"column":53}}},"fnMap":{},"branchMap":{},"s":{"0":0},"f":{},"b":{}}
,"C:\\Users\\DANI\\Desktop\\React Native\\unit-testing-rakamin\\.expo\\metro\\externals\\repl\\index.js": {"path":"C:\\Users\\DANI\\Desktop\\React Native\\unit-testing-rakamin\\.expo\\metro\\externals\\repl\\index.js","statementMap":{"0":{"start":{"line":1,"column":0},"end":{"line":1,"column":49}}},"fnMap":{},"branchMap":{},"s":{"0":0},"f":{},"b":{}}
,"C:\\Users\\DANI\\Desktop\\React Native\\unit-testing-rakamin\\.expo\\metro\\externals\\stream\\index.js": {"path":"C:\\Users\\DANI\\Desktop\\React Native\\unit-testing-rakamin\\.expo\\metro\\externals\\stream\\index.js","statementMap":{"0":{"start":{"line":1,"column":0},"end":{"line":1,"column":51}}},"fnMap":{},"branchMap":{},"s":{"0":0},"f":{},"b":{}}
,"C:\\Users\\DANI\\Desktop\\React Native\\unit-testing-rakamin\\.expo\\metro\\externals\\string_decoder\\index.js": {"path":"C:\\Users\\DANI\\Desktop\\React Native\\unit-testing-rakamin\\.expo\\metro\\externals\\string_decoder\\index.js","statementMap":{"0":{"start":{"line":1,"column":0},"end":{"line":1,"column":59}}},"fnMap":{},"branchMap":{},"s":{"0":0},"f":{},"b":{}}
,"C:\\Users\\DANI\\Desktop\\React Native\\unit-testing-rakamin\\.expo\\metro\\externals\\timers\\index.js": {"path":"C:\\Users\\DANI\\Desktop\\React Native\\unit-testing-rakamin\\.expo\\metro\\externals\\timers\\index.js","statementMap":{"0":{"start":{"line":1,"column":0},"end":{"line":1,"column":51}}},"fnMap":{},"branchMap":{},"s":{"0":0},"f":{},"b":{}}
,"C:\\Users\\DANI\\Desktop\\React Native\\unit-testing-rakamin\\.expo\\metro\\externals\\tls\\index.js": {"path":"C:\\Users\\DANI\\Desktop\\React Native\\unit-testing-rakamin\\.expo\\metro\\externals\\tls\\index.js","statementMap":{"0":{"start":{"line":1,"column":0},"end":{"line":1,"column":48}}},"fnMap":{},"branchMap":{},"s":{"0":0},"f":{},"b":{}}
,"C:\\Users\\DANI\\Desktop\\React Native\\unit-testing-rakamin\\.expo\\metro\\externals\\trace_events\\index.js": {"path":"C:\\Users\\DANI\\Desktop\\React Native\\unit-testing-rakamin\\.expo\\metro\\externals\\trace_events\\index.js","statementMap":{"0":{"start":{"line":1,"column":0},"end":{"line":1,"column":57}}},"fnMap":{},"branchMap":{},"s":{"0":0},"f":{},"b":{}}
,"C:\\Users\\DANI\\Desktop\\React Native\\unit-testing-rakamin\\.expo\\metro\\externals\\tty\\index.js": {"path":"C:\\Users\\DANI\\Desktop\\React Native\\unit-testing-rakamin\\.expo\\metro\\externals\\tty\\index.js","statementMap":{"0":{"start":{"line":1,"column":0},"end":{"line":1,"column":48}}},"fnMap":{},"branchMap":{},"s":{"0":0},"f":{},"b":{}}
,"C:\\Users\\DANI\\Desktop\\React Native\\unit-testing-rakamin\\.expo\\metro\\externals\\url\\index.js": {"path":"C:\\Users\\DANI\\Desktop\\React Native\\unit-testing-rakamin\\.expo\\metro\\externals\\url\\index.js","statementMap":{"0":{"start":{"line":1,"column":0},"end":{"line":1,"column":48}}},"fnMap":{},"branchMap":{},"s":{"0":0},"f":{},"b":{}}
,"C:\\Users\\DANI\\Desktop\\React Native\\unit-testing-rakamin\\.expo\\metro\\externals\\util\\index.js": {"path":"C:\\Users\\DANI\\Desktop\\React Native\\unit-testing-rakamin\\.expo\\metro\\externals\\util\\index.js","statementMap":{"0":{"start":{"line":1,"column":0},"end":{"line":1,"column":49}}},"fnMap":{},"branchMap":{},"s":{"0":0},"f":{},"b":{}}
,"C:\\Users\\DANI\\Desktop\\React Native\\unit-testing-rakamin\\.expo\\metro\\externals\\v8\\index.js": {"path":"C:\\Users\\DANI\\Desktop\\React Native\\unit-testing-rakamin\\.expo\\metro\\externals\\v8\\index.js","statementMap":{"0":{"start":{"line":1,"column":0},"end":{"line":1,"column":47}}},"fnMap":{},"branchMap":{},"s":{"0":0},"f":{},"b":{}}
,"C:\\Users\\DANI\\Desktop\\React Native\\unit-testing-rakamin\\.expo\\metro\\externals\\vm\\index.js": {"path":"C:\\Users\\DANI\\Desktop\\React Native\\unit-testing-rakamin\\.expo\\metro\\externals\\vm\\index.js","statementMap":{"0":{"start":{"line":1,"column":0},"end":{"line":1,"column":47}}},"fnMap":{},"branchMap":{},"s":{"0":0},"f":{},"b":{}}
,"C:\\Users\\DANI\\Desktop\\React Native\\unit-testing-rakamin\\.expo\\metro\\externals\\wasi\\index.js": {"path":"C:\\Users\\DANI\\Desktop\\React Native\\unit-testing-rakamin\\.expo\\metro\\externals\\wasi\\index.js","statementMap":{"0":{"start":{"line":1,"column":0},"end":{"line":1,"column":49}}},"fnMap":{},"branchMap":{},"s":{"0":0},"f":{},"b":{}}
,"C:\\Users\\DANI\\Desktop\\React Native\\unit-testing-rakamin\\.expo\\metro\\externals\\worker_threads\\index.js": {"path":"C:\\Users\\DANI\\Desktop\\React Native\\unit-testing-rakamin\\.expo\\metro\\externals\\worker_threads\\index.js","statementMap":{"0":{"start":{"line":1,"column":0},"end":{"line":1,"column":59}}},"fnMap":{},"branchMap":{},"s":{"0":0},"f":{},"b":{}}
,"C:\\Users\\DANI\\Desktop\\React Native\\unit-testing-rakamin\\.expo\\metro\\externals\\zlib\\index.js": {"path":"C:\\Users\\DANI\\Desktop\\React Native\\unit-testing-rakamin\\.expo\\metro\\externals\\zlib\\index.js","statementMap":{"0":{"start":{"line":1,"column":0},"end":{"line":1,"column":49}}},"fnMap":{},"branchMap":{},"s":{"0":0},"f":{},"b":{}}
,"C:\\Users\\DANI\\Desktop\\React Native\\unit-testing-rakamin\\.expo\\metro\\shims\\react-native-web\\dist\\cjs\\exports\\AppRegistry\\AppContainer.js": {"path":"C:\\Users\\DANI\\Desktop\\React Native\\unit-testing-rakamin\\.expo\\metro\\shims\\react-native-web\\dist\\cjs\\exports\\AppRegistry\\AppContainer.js","statementMap":{"0":{"start":{"line":5,"column":2},"end":{"line":5,"column":18}},"1":{"start":{"line":8,"column":0},"end":{"line":10,"column":1}},"2":{"start":{"line":9,"column":2},"end":{"line":9,"column":44}},"3":{"start":{"line":12,"column":0},"end":{"line":12,"column":30}},"4":{"start":{"line":13,"column":0},"end":{"line":13,"column":38}}},"fnMap":{"0":{"name":"AppContainer","decl":{"start":{"line":4,"column":9},"end":{"line":4,"column":21}},"loc":{"start":{"line":4,"column":36},"end":{"line":6,"column":1}},"line":4}},"branchMap":{"0":{"loc":{"start":{"line":8,"column":0},"end":{"line":10,"column":1}},"type":"if","locations":[{"start":{"line":8,"column":0},"end":{"line":10,"column":1}},{"start":{},"end":{}}],"line":8}},"s":{"0":0,"1":0,"2":0,"3":0,"4":0},"f":{"0":0},"b":{"0":[0,0]}}
,"C:\\Users\\DANI\\Desktop\\React Native\\unit-testing-rakamin\\.expo\\metro\\shims\\react-native-web\\dist\\cjs\\exports\\BackHandler\\index.js": {"path":"C:\\Users\\DANI\\Desktop\\React Native\\unit-testing-rakamin\\.expo\\metro\\shims\\react-native-web\\dist\\cjs\\exports\\BackHandler\\index.js","statementMap":{"0":{"start":{"line":3,"column":0},"end":{"line":3,"column":54}},"1":{"start":{"line":4,"column":18},"end":{"line":8,"column":3}},"2":{"start":{"line":6,"column":29},"end":{"line":6,"column":54}},"3":{"start":{"line":9,"column":13},"end":{"line":9,"column":24}},"4":{"start":{"line":10,"column":0},"end":{"line":10,"column":65}}},"fnMap":{"0":{"name":"emptyFunction","decl":{"start":{"line":2,"column":9},"end":{"line":2,"column":22}},"loc":{"start":{"line":2,"column":25},"end":{"line":2,"column":27}},"line":2},"1":{"name":"(anonymous_1)","decl":{"start":{"line":6,"column":22},"end":{"line":6,"column":23}},"loc":{"start":{"line":6,"column":29},"end":{"line":6,"column":54}},"line":6}},"branchMap":{},"s":{"0":0,"1":0,"2":0,"3":0,"4":0},"f":{"0":0,"1":0},"b":{}}
,"C:\\Users\\DANI\\Desktop\\React Native\\unit-testing-rakamin\\.expo\\metro\\shims\\react-native-web\\dist\\exports\\AppRegistry\\AppContainer.js": {"path":"C:\\Users\\DANI\\Desktop\\React Native\\unit-testing-rakamin\\.expo\\metro\\shims\\react-native-web\\dist\\exports\\AppRegistry\\AppContainer.js","statementMap":{"0":{"start":{"line":5,"column":2},"end":{"line":5,"column":18}},"1":{"start":{"line":8,"column":0},"end":{"line":10,"column":1}},"2":{"start":{"line":9,"column":2},"end":{"line":9,"column":44}}},"fnMap":{"0":{"name":"AppContainer","decl":{"start":{"line":4,"column":9},"end":{"line":4,"column":21}},"loc":{"start":{"line":4,"column":36},"end":{"line":6,"column":1}},"line":4}},"branchMap":{"0":{"loc":{"start":{"line":8,"column":0},"end":{"line":10,"column":1}},"type":"if","locations":[{"start":{"line":8,"column":0},"end":{"line":10,"column":1}},{"start":{},"end":{}}],"line":8}},"s":{"0":0,"1":0,"2":0},"f":{"0":0},"b":{"0":[0,0]}}
,"C:\\Users\\DANI\\Desktop\\React Native\\unit-testing-rakamin\\.expo\\metro\\shims\\react-native-web\\dist\\exports\\BackHandler\\index.js": {"path":"C:\\Users\\DANI\\Desktop\\React Native\\unit-testing-rakamin\\.expo\\metro\\shims\\react-native-web\\dist\\exports\\BackHandler\\index.js","statementMap":{"0":{"start":{"line":2,"column":18},"end":{"line":6,"column":1}},"1":{"start":{"line":4,"column":27},"end":{"line":4,"column":52}}},"fnMap":{"0":{"name":"emptyFunction","decl":{"start":{"line":1,"column":9},"end":{"line":1,"column":22}},"loc":{"start":{"line":1,"column":25},"end":{"line":1,"column":27}},"line":1},"1":{"name":"(anonymous_1)","decl":{"start":{"line":4,"column":20},"end":{"line":4,"column":21}},"loc":{"start":{"line":4,"column":27},"end":{"line":4,"column":52}},"line":4}},"branchMap":{},"s":{"0":0,"1":0},"f":{"0":0,"1":0},"b":{}}
}
